<?xml version="1.0" encoding="UTF-8"?>
<!-- Generated by org.testng.reporters.JUnitXMLReporter -->
<testsuite ignored="2" hostname="DESKTOP-J1O7A01" failures="0" tests="2" name="Test" time="28.574" errors="0" timestamp="2024-01-26T08:40:39 IST">
  <testcase classname="campaigns.CreateNewCampaignTest" name="createNewCampaignTest" time="7.372"/>
  <testcase classname="campaigns.CreateNewCampaignTestWithMarketingGroupTest" name="createNewCampaignTestWithMarketingGroupTest" time="7.653"/>
  <testcase classname="generic.utility.BaseClass" name="@BeforeSuite BSConfig" time="0.0">
    <ignored/>
  </testcase> <!-- @BeforeSuite BSConfig -->
  <testcase classname="generic.utility.BaseClass" name="@AfterSuite ASConfig" time="0.0">
    <ignored/>
  </testcase> <!-- @AfterSuite ASConfig -->
</testsuite> <!-- Test -->
