<?xml version="1.0" encoding="UTF-8"?>
<testng-results ignored="0" total="1" passed="1" failed="0" skipped="0">
  <reporter-output>
  </reporter-output>
  <suite started-at="2024-01-26T08:41:41 IST" name="Surefire suite" finished-at="2024-01-26T08:41:55 IST" duration-ms="14783">
    <groups>
    </groups>
    <test started-at="2024-01-26T08:41:41 IST" name="Surefire test" finished-at="2024-01-26T08:41:55 IST" duration-ms="14783">
      <class name="campaigns.CreateNewCampaignTestWithMarketingGroupTest">
        <test-method is-config="true" signature="BSConfig()[pri:0, instance:campaigns.CreateNewCampaignTestWithMarketingGroupTest@16e7dcfd]" started-at="2024-01-26T08:41:41 IST" name="BSConfig" finished-at="2024-01-26T08:41:41 IST" duration-ms="13" status="PASS">
          <reporter-output>
          </reporter-output>
        </test-method> <!-- BSConfig -->
        <test-method is-config="true" signature="BCConfig()[pri:0, instance:campaigns.CreateNewCampaignTestWithMarketingGroupTest@16e7dcfd]" started-at="2024-01-26T08:41:41 IST" name="BCConfig" finished-at="2024-01-26T08:41:45 IST" duration-ms="4799" status="PASS">
          <reporter-output>
          </reporter-output>
        </test-method> <!-- BCConfig -->
        <test-method is-config="true" signature="BMConfig()[pri:0, instance:campaigns.CreateNewCampaignTestWithMarketingGroupTest@16e7dcfd]" started-at="2024-01-26T08:41:45 IST" name="BMConfig" finished-at="2024-01-26T08:41:47 IST" duration-ms="1644" status="PASS">
          <reporter-output>
          </reporter-output>
        </test-method> <!-- BMConfig -->
        <test-method signature="createNewCampaignTestWithMarketingGroupTest()[pri:0, instance:campaigns.CreateNewCampaignTestWithMarketingGroupTest@16e7dcfd]" started-at="2024-01-26T08:41:47 IST" name="createNewCampaignTestWithMarketingGroupTest" finished-at="2024-01-26T08:41:55 IST" duration-ms="7618" status="PASS">
          <reporter-output>
          </reporter-output>
        </test-method> <!-- createNewCampaignTestWithMarketingGroupTest -->
        <test-method is-config="true" signature="AMConfig()[pri:0, instance:campaigns.CreateNewCampaignTestWithMarketingGroupTest@16e7dcfd]" started-at="2024-01-26T08:41:55 IST" name="AMConfig" finished-at="2024-01-26T08:41:55 IST" duration-ms="221" status="PASS">
          <reporter-output>
          </reporter-output>
        </test-method> <!-- AMConfig -->
        <test-method is-config="true" signature="ACConfig()[pri:0, instance:campaigns.CreateNewCampaignTestWithMarketingGroupTest@16e7dcfd]" started-at="2024-01-26T08:41:55 IST" name="ACConfig" finished-at="2024-01-26T08:41:55 IST" duration-ms="460" status="PASS">
          <reporter-output>
          </reporter-output>
        </test-method> <!-- ACConfig -->
        <test-method is-config="true" signature="ASConfig()[pri:0, instance:campaigns.CreateNewCampaignTestWithMarketingGroupTest@16e7dcfd]" started-at="2024-01-26T08:41:55 IST" name="ASConfig" finished-at="2024-01-26T08:41:55 IST" duration-ms="1" status="PASS">
          <reporter-output>
          </reporter-output>
        </test-method> <!-- ASConfig -->
      </class> <!-- campaigns.CreateNewCampaignTestWithMarketingGroupTest -->
    </test> <!-- Surefire test -->
  </suite> <!-- Surefire suite -->
</testng-results>
