<?xml version="1.0" encoding="UTF-8"?>
<testng-results ignored="0" total="1" passed="1" failed="0" skipped="0">
  <reporter-output>
  </reporter-output>
  <suite started-at="2024-01-27T12:16:08 IST" name="Default suite" finished-at="2024-01-27T12:16:26 IST" duration-ms="17402">
    <groups>
    </groups>
    <test started-at="2024-01-27T12:16:08 IST" name="Default test" finished-at="2024-01-27T12:16:26 IST" duration-ms="17402">
      <class name="leads.CreateNewLeadWithTechnologyTest">
        <test-method is-config="true" signature="BSConfig()[pri:0, instance:leads.CreateNewLeadWithTechnologyTest@f6efaab]" started-at="2024-01-27T12:16:08 IST" name="BSConfig" finished-at="2024-01-27T12:16:08 IST" duration-ms="18" status="PASS">
          <reporter-output>
          </reporter-output>
        </test-method> <!-- BSConfig -->
        <test-method is-config="true" signature="BCConfig()[pri:0, instance:leads.CreateNewLeadWithTechnologyTest@f6efaab]" started-at="2024-01-27T12:16:08 IST" name="BCConfig" finished-at="2024-01-27T12:16:14 IST" duration-ms="5892" status="PASS">
          <reporter-output>
          </reporter-output>
        </test-method> <!-- BCConfig -->
        <test-method is-config="true" signature="BMConfig()[pri:0, instance:leads.CreateNewLeadWithTechnologyTest@f6efaab]" started-at="2024-01-27T12:16:14 IST" name="BMConfig" finished-at="2024-01-27T12:16:16 IST" duration-ms="1509" status="PASS">
          <reporter-output>
          </reporter-output>
        </test-method> <!-- BMConfig -->
        <test-method signature="createNewLeadWithTechnologyTest()[pri:0, instance:leads.CreateNewLeadWithTechnologyTest@f6efaab]" started-at="2024-01-27T12:16:16 IST" name="createNewLeadWithTechnologyTest" finished-at="2024-01-27T12:16:24 IST" duration-ms="8574" status="PASS">
          <reporter-output>
          </reporter-output>
        </test-method> <!-- createNewLeadWithTechnologyTest -->
        <test-method is-config="true" signature="AMConfig()[pri:0, instance:leads.CreateNewLeadWithTechnologyTest@f6efaab]" started-at="2024-01-27T12:16:24 IST" name="AMConfig" finished-at="2024-01-27T12:16:25 IST" duration-ms="739" status="PASS">
          <reporter-output>
          </reporter-output>
        </test-method> <!-- AMConfig -->
        <test-method is-config="true" signature="ACConfig()[pri:0, instance:leads.CreateNewLeadWithTechnologyTest@f6efaab]" started-at="2024-01-27T12:16:25 IST" name="ACConfig" finished-at="2024-01-27T12:16:26 IST" duration-ms="643" status="PASS">
          <reporter-output>
          </reporter-output>
        </test-method> <!-- ACConfig -->
        <test-method is-config="true" signature="ASConfig()[pri:0, instance:leads.CreateNewLeadWithTechnologyTest@f6efaab]" started-at="2024-01-27T12:16:26 IST" name="ASConfig" finished-at="2024-01-27T12:16:26 IST" duration-ms="1" status="PASS">
          <reporter-output>
          </reporter-output>
        </test-method> <!-- ASConfig -->
      </class> <!-- leads.CreateNewLeadWithTechnologyTest -->
    </test> <!-- Default test -->
  </suite> <!-- Default suite -->
</testng-results>
