<?xml version="1.0" encoding="UTF-8"?>
<testng-results ignored="2" total="4" passed="2" failed="0" skipped="0">
  <reporter-output>
  </reporter-output>
  <suite started-at="2024-01-26T08:32:03 IST" name="Suite" finished-at="2024-01-26T08:32:31 IST" duration-ms="28739">
    <groups>
    </groups>
    <test started-at="2024-01-26T08:32:03 IST" name="Test" finished-at="2024-01-26T08:32:31 IST" duration-ms="28739">
      <class name="campaigns.CreateNewCampaignTestWithMarketingGroupTest">
        <test-method is-config="true" signature="BCConfig()[pri:0, instance:campaigns.CreateNewCampaignTestWithMarketingGroupTest@38d8f54a]" started-at="2024-01-26T08:32:18 IST" name="BCConfig" finished-at="2024-01-26T08:32:21 IST" duration-ms="3216" status="PASS">
          <reporter-output>
          </reporter-output>
        </test-method> <!-- BCConfig -->
        <test-method is-config="true" signature="BMConfig()[pri:0, instance:campaigns.CreateNewCampaignTestWithMarketingGroupTest@38d8f54a]" started-at="2024-01-26T08:32:21 IST" name="BMConfig" finished-at="2024-01-26T08:32:23 IST" duration-ms="1832" status="PASS">
          <reporter-output>
          </reporter-output>
        </test-method> <!-- BMConfig -->
        <test-method signature="createNewCampaignTestWithMarketingGroupTest()[pri:0, instance:campaigns.CreateNewCampaignTestWithMarketingGroupTest@38d8f54a]" started-at="2024-01-26T08:32:23 IST" name="createNewCampaignTestWithMarketingGroupTest" finished-at="2024-01-26T08:32:31 IST" duration-ms="7741" status="PASS">
          <reporter-output>
          </reporter-output>
        </test-method> <!-- createNewCampaignTestWithMarketingGroupTest -->
        <test-method is-config="true" signature="AMConfig()[pri:0, instance:campaigns.CreateNewCampaignTestWithMarketingGroupTest@38d8f54a]" started-at="2024-01-26T08:32:31 IST" name="AMConfig" finished-at="2024-01-26T08:32:31 IST" duration-ms="216" status="PASS">
          <reporter-output>
          </reporter-output>
        </test-method> <!-- AMConfig -->
        <test-method is-config="true" signature="ACConfig()[pri:0, instance:campaigns.CreateNewCampaignTestWithMarketingGroupTest@38d8f54a]" started-at="2024-01-26T08:32:31 IST" name="ACConfig" finished-at="2024-01-26T08:32:31 IST" duration-ms="559" status="PASS">
          <reporter-output>
          </reporter-output>
        </test-method> <!-- ACConfig -->
      </class> <!-- campaigns.CreateNewCampaignTestWithMarketingGroupTest -->
      <class name="campaigns.CreateNewCampaignTest">
        <test-method is-config="true" signature="BSConfig()[pri:0, instance:campaigns.CreateNewCampaignTest@42a48628]" started-at="2024-01-26T08:32:03 IST" name="BSConfig" finished-at="2024-01-26T08:32:03 IST" duration-ms="10" status="PASS">
          <reporter-output>
          </reporter-output>
        </test-method> <!-- BSConfig -->
        <test-method is-config="true" signature="BCConfig()[pri:0, instance:campaigns.CreateNewCampaignTest@42a48628]" started-at="2024-01-26T08:32:03 IST" name="BCConfig" finished-at="2024-01-26T08:32:07 IST" duration-ms="4786" status="PASS">
          <reporter-output>
          </reporter-output>
        </test-method> <!-- BCConfig -->
        <test-method is-config="true" signature="BMConfig()[pri:0, instance:campaigns.CreateNewCampaignTest@42a48628]" started-at="2024-01-26T08:32:07 IST" name="BMConfig" finished-at="2024-01-26T08:32:09 IST" duration-ms="1936" status="PASS">
          <reporter-output>
          </reporter-output>
        </test-method> <!-- BMConfig -->
        <test-method signature="createNewCampaignTest()[pri:0, instance:campaigns.CreateNewCampaignTest@42a48628]" started-at="2024-01-26T08:32:09 IST" name="createNewCampaignTest" finished-at="2024-01-26T08:32:17 IST" duration-ms="7488" status="PASS">
          <reporter-output>
          </reporter-output>
        </test-method> <!-- createNewCampaignTest -->
        <test-method is-config="true" signature="AMConfig()[pri:0, instance:campaigns.CreateNewCampaignTest@42a48628]" started-at="2024-01-26T08:32:17 IST" name="AMConfig" finished-at="2024-01-26T08:32:17 IST" duration-ms="213" status="PASS">
          <reporter-output>
          </reporter-output>
        </test-method> <!-- AMConfig -->
        <test-method is-config="true" signature="ACConfig()[pri:0, instance:campaigns.CreateNewCampaignTest@42a48628]" started-at="2024-01-26T08:32:17 IST" name="ACConfig" finished-at="2024-01-26T08:32:18 IST" duration-ms="692" status="PASS">
          <reporter-output>
          </reporter-output>
        </test-method> <!-- ACConfig -->
        <test-method is-config="true" signature="ASConfig()[pri:0, instance:campaigns.CreateNewCampaignTest@42a48628]" started-at="2024-01-26T08:32:31 IST" name="ASConfig" finished-at="2024-01-26T08:32:31 IST" duration-ms="1" status="PASS">
          <reporter-output>
          </reporter-output>
        </test-method> <!-- ASConfig -->
      </class> <!-- campaigns.CreateNewCampaignTest -->
    </test> <!-- Test -->
  </suite> <!-- Suite -->
</testng-results>
